# JRE version: OpenJDK Runtime Environment (8.0_345-b01) (build 1.8.0_345-b01)
# Java VM: OpenJDK 64-Bit Server VM (25.345-b01 mixed mode windows-amd64 compressed oops)
Heap:
 PSYoungGen      total 135168K, used 5858K [0x000000076eb00000, 0x000000077f300000, 0x00000007c0000000)
  eden space 124928K, 4% used [0x000000076eb00000,0x000000076f0b8be8,0x0000000776500000)
  from space 10240K, 0% used [0x0000000776500000,0x0000000776500000,0x0000000776f00000)
  to   space 10240K, 0% used [0x000000077e900000,0x000000077e900000,0x000000077f300000)
 ParOldGen       total 134656K, used 26504K [0x00000006cc000000, 0x00000006d4380000, 0x000000076eb00000)
  object space 134656K, 19% used [0x00000006cc000000,0x00000006cd9e2070,0x00000006d4380000)
 Metaspace       used 21397K, capacity 21696K, committed 21936K, reserved 1069056K
  class space    used 2687K, capacity 2780K, committed 2816K, reserved 1048576K
GC Heap History (8 events):
Event: 1.095 GC heap before
{Heap before GC invocations=1 (full 0):
 PSYoungGen      total 72704K, used 62464K [0x000000076eb00000, 0x0000000773c00000, 0x00000007c0000000)
  eden space 62464K, 100% used [0x000000076eb00000,0x0000000772800000,0x0000000772800000)
  from space 10240K, 0% used [0x0000000773200000,0x0000000773200000,0x0000000773c00000)
  to   space 10240K, 0% used [0x0000000772800000,0x0000000772800000,0x0000000773200000)
 ParOldGen       total 166912K, used 0K [0x00000006cc000000, 0x00000006d6300000, 0x000000076eb00000)
  object space 166912K, 0% used [0x00000006cc000000,0x00000006cc000000,0x00000006d6300000)
 Metaspace       used 8638K, capacity 8808K, committed 9088K, reserved 1056768K
  class space    used 1029K, capacity 1076K, committed 1152K, reserved 1048576K
Event: 1.107 GC heap after
Heap after GC invocations=1 (full 0):
 PSYoungGen      total 72704K, used 10231K [0x000000076eb00000, 0x0000000777900000, 0x00000007c0000000)
  eden space 62464K, 0% used [0x000000076eb00000,0x000000076eb00000,0x0000000772800000)
  from space 10240K, 99% used [0x0000000772800000,0x00000007731fdeb8,0x0000000773200000)
  to   space 10240K, 0% used [0x0000000776f00000,0x0000000776f00000,0x0000000777900000)
 ParOldGen       total 166912K, used 3523K [0x00000006cc000000, 0x00000006d6300000, 0x000000076eb00000)
  object space 166912K, 2% used [0x00000006cc000000,0x00000006cc370e18,0x00000006d6300000)
 Metaspace       used 8638K, capacity 8808K, committed 9088K, reserved 1056768K
  class space    used 1029K, capacity 1076K, committed 1152K, reserved 1048576K
}
Event: 1.763 GC heap before
{Heap before GC invocations=2 (full 0):
 PSYoungGen      total 72704K, used 72695K [0x000000076eb00000, 0x0000000777900000, 0x00000007c0000000)
  eden space 62464K, 100% used [0x000000076eb00000,0x0000000772800000,0x0000000772800000)
  from space 10240K, 99% used [0x0000000772800000,0x00000007731fdeb8,0x0000000773200000)
  to   space 10240K, 0% used [0x0000000776f00000,0x0000000776f00000,0x0000000777900000)
 ParOldGen       total 166912K, used 3523K [0x00000006cc000000, 0x00000006d6300000, 0x000000076eb00000)
  object space 166912K, 2% used [0x00000006cc000000,0x00000006cc370e18,0x00000006d6300000)
 Metaspace       used 14230K, capacity 14372K, committed 14464K, reserved 1062912K
  class space    used 1801K, capacity 1854K, committed 1920K, reserved 1048576K
Event: 1.776 GC heap after
Heap after GC invocations=2 (full 0):
 PSYoungGen      total 135168K, used 10208K [0x000000076eb00000, 0x0000000777900000, 0x00000007c0000000)
  eden space 124928K, 0% used [0x000000076eb00000,0x000000076eb00000,0x0000000776500000)
  from space 10240K, 99% used [0x0000000776f00000,0x00000007778f8030,0x0000000777900000)
  to   space 10240K, 0% used [0x0000000776500000,0x0000000776500000,0x0000000776f00000)
 ParOldGen       total 166912K, used 12612K [0x00000006cc000000, 0x00000006d6300000, 0x000000076eb00000)
  object space 166912K, 7% used [0x00000006cc000000,0x00000006ccc51258,0x00000006d6300000)
 Metaspace       used 14230K, capacity 14372K, committed 14464K, reserved 1062912K
  class space    used 1801K, capacity 1854K, committed 1920K, reserved 1048576K
}
Event: 2.819 GC heap before
{Heap before GC invocations=3 (full 0):
 PSYoungGen      total 135168K, used 76463K [0x000000076eb00000, 0x0000000777900000, 0x00000007c0000000)
  eden space 124928K, 53% used [0x000000076eb00000,0x0000000772bb3dc8,0x0000000776500000)
  from space 10240K, 99% used [0x0000000776f00000,0x00000007778f8030,0x0000000777900000)
  to   space 10240K, 0% used [0x0000000776500000,0x0000000776500000,0x0000000776f00000)
 ParOldGen       total 166912K, used 12612K [0x00000006cc000000, 0x00000006d6300000, 0x000000076eb00000)
  object space 166912K, 7% used [0x00000006cc000000,0x00000006ccc51258,0x00000006d6300000)
 Metaspace       used 20914K, capacity 21152K, committed 21296K, reserved 1069056K
  class space    used 2623K, capacity 2684K, committed 2688K, reserved 1048576K
Event: 2.833 GC heap after
Heap after GC invocations=3 (full 0):
 PSYoungGen      total 135168K, used 10226K [0x000000076eb00000, 0x000000077f300000, 0x00000007c0000000)
  eden space 124928K, 0% used [0x000000076eb00000,0x000000076eb00000,0x0000000776500000)
  from space 10240K, 99% used [0x0000000776500000,0x0000000776efc8d8,0x0000000776f00000)
  to   space 10240K, 0% used [0x000000077e900000,0x000000077e900000,0x000000077f300000)
 ParOldGen       total 166912K, used 20623K [0x00000006cc000000, 0x00000006d6300000, 0x000000076eb00000)
  object space 166912K, 12% used [0x00000006cc000000,0x00000006cd423df0,0x00000006d6300000)
 Metaspace       used 20914K, capacity 21152K, committed 21296K, reserved 1069056K
  class space    used 2623K, capacity 2684K, committed 2688K, reserved 1048576K
}
Event: 2.833 GC heap before
{Heap before GC invocations=4 (full 1):
 PSYoungGen      total 135168K, used 10226K [0x000000076eb00000, 0x000000077f300000, 0x00000007c0000000)
  eden space 124928K, 0% used [0x000000076eb00000,0x000000076eb00000,0x0000000776500000)
  from space 10240K, 99% used [0x0000000776500000,0x0000000776efc8d8,0x0000000776f00000)
  to   space 10240K, 0% used [0x000000077e900000,0x000000077e900000,0x000000077f300000)
 ParOldGen       total 166912K, used 20623K [0x00000006cc000000, 0x00000006d6300000, 0x000000076eb00000)
  object space 166912K, 12% used [0x00000006cc000000,0x00000006cd423df0,0x00000006d6300000)
 Metaspace       used 20914K, capacity 21152K, committed 21296K, reserved 1069056K
  class space    used 2623K, capacity 2684K, committed 2688K, reserved 1048576K
Event: 2.881 GC heap after
Heap after GC invocations=4 (full 1):
 PSYoungGen      total 135168K, used 0K [0x000000076eb00000, 0x000000077f300000, 0x00000007c0000000)
  eden space 124928K, 0% used [0x000000076eb00000,0x000000076eb00000,0x0000000776500000)
  from space 10240K, 0% used [0x0000000776500000,0x0000000776500000,0x0000000776f00000)
  to   space 10240K, 0% used [0x000000077e900000,0x000000077e900000,0x000000077f300000)
 ParOldGen       total 134656K, used 26504K [0x00000006cc000000, 0x00000006d4380000, 0x000000076eb00000)
  object space 134656K, 19% used [0x00000006cc000000,0x00000006cd9e2070,0x00000006d4380000)
 Metaspace       used 20914K, capacity 21152K, committed 21296K, reserved 1069056K
  class space    used 2623K, capacity 2684K, committed 2688K, reserved 1048576K
}

